{"level":"info","message":"✅ MongoDB connected with mongoose","timestamp":"2026-07-23T11:58:21.709Z"}
{"level":"info","message":"Server running at 4090","timestamp":"2026-07-23T11:58:21.763Z"}
{"level":"info","message":"Seller Login Successfully!","timestamp":"2026-07-23T11:58:34.129Z"}
{"level":"warn","message":"Login failed: User not found - knarang0909@gmail.com","timestamp":"2026-07-23T11:58:34.605Z"}
{"level":"info","message":"Seller Login Successfully!","timestamp":"2026-07-23T11:59:41.917Z"}
{"level":"info","message":"Seller User Login successful - kiran@gmail.com","timestamp":"2026-07-23T11:59:42.366Z"}
{"level":"error","message":"Failed to create product: Something went wrong with db","timestamp":"2026-07-23T11:59:59.939Z"}
{"level":"info","message":"✅ MongoDB connected with mongoose","timestamp":"2026-07-23T12:00:36.025Z"}
{"level":"info","message":"Server running at 4090","timestamp":"2026-07-23T12:00:36.042Z"}
{"level":"error","message":"Failed to create product: Something went wrong with db","timestamp":"2026-07-23T12:00:39.751Z"}
{"level":"info","message":"✅ MongoDB connected with mongoose","timestamp":"2026-07-23T12:31:47.913Z"}
{"level":"info","message":"Server running at 4090","timestamp":"2026-07-23T12:31:47.936Z"}
{"level":"info","message":"Product created:test","timestamp":"2026-07-23T12:32:11.048Z"}
{"level":"info","message":"✅ MongoDB connected with mongoose","timestamp":"2026-07-23T12:34:16.051Z"}
{"level":"info","message":"Server running at 4090","timestamp":"2026-07-23T12:34:16.069Z"}
{"level":"info","message":"Product created:test","timestamp":"2026-07-23T12:34:27.968Z"}
{"level":"info","message":"✅ MongoDB connected with mongoose","timestamp":"2026-07-23T12:36:07.658Z"}
{"level":"info","message":"Server running at 4090","timestamp":"2026-07-23T12:36:07.676Z"}
{"level":"info","message":"Product created:test","timestamp":"2026-07-23T12:36:19.755Z"}
{"level":"info","message":"✅ MongoDB connected with mongoose","timestamp":"2026-07-23T12:41:22.405Z"}
{"level":"info","message":"Server running at 4090","timestamp":"2026-07-23T12:41:22.423Z"}
{"level":"error","message":"Failed to create product: Something went wrong with db","timestamp":"2026-07-23T12:41:57.127Z"}
{"level":"info","message":"✅ MongoDB connected with mongoose","timestamp":"2026-07-23T12:42:28.820Z"}
{"level":"info","message":"Server running at 4090","timestamp":"2026-07-23T12:42:28.838Z"}
{"level":"error","message":"Failed to create product: Something went wrong with db","timestamp":"2026-07-23T12:42:30.063Z"}
{"level":"info","message":"✅ MongoDB connected with mongoose","timestamp":"2026-07-23T12:43:31.385Z"}
{"level":"info","message":"Server running at 4090","timestamp":"2026-07-23T12:43:31.402Z"}
{"level":"info","message":"Product created:test","timestamp":"2026-07-23T12:43:32.501Z"}
{"level":"info","message":"Product deleted:6a620c74f06bbc60c1cfc9ed","timestamp":"2026-07-23T12:43:45.718Z"}
{"level":"info","message":"Product deleted:6a620c74f06bbc60c1cfc9ed","timestamp":"2026-07-23T12:43:54.362Z"}
{"level":"info","message":"Product deleted:6a620c74f06bbc60c1cfc9ed","timestamp":"2026-07-23T12:43:55.605Z"}
{"level":"info","message":"Product Updates: 6a620c74f06bbc60c1cfc9ed","timestamp":"2026-07-23T12:44:07.365Z"}
{"level":"info","message":"✅ MongoDB connected with mongoose","timestamp":"2026-07-23T12:45:37.261Z"}
{"level":"info","message":"Server running at 4090","timestamp":"2026-07-23T12:45:37.281Z"}
{"level":"info","message":"Product deleted:6a620c74f06bbc60c1cfc9ed","timestamp":"2026-07-23T12:45:40.610Z"}
{"level":"info","message":"Product created:test","timestamp":"2026-07-23T12:46:21.546Z"}
{"level":"info","message":"Product 6a620d1d93b843f99629e584 added to cart by user undefined","timestamp":"2026-07-23T12:46:45.369Z"}
